*** Using Compiler 'V5.06 update 7 (build 960)', folder: 'E:\MDK\Core\ARM\ARMCC\Bin'
Rebuild target 'Key-Led'
assembling startup_stm32f411xe.s...
compiling stm32f4xx_hal_msp.c...
compiling LedState.c...
..\Core\Src\LedState.c(52): warning:  #940-D: missing return statement at end of non-void function "SetLedState" 
  }
..\Core\Src\LedState.c: 1 warning, 0 errors
compiling stm32f4xx_it.c...
compiling stm32f4xx_hal_dma_ex.c...
compiling stm32f4xx_hal_dma.c...
compiling stm32f4xx_hal_tim_ex.c...
compiling gpio.c...
compiling stm32f4xx_hal_flash.c...
compiling stm32f4xx_hal_gpio.c...
compiling main.c...
../Core/Src/main.c(131): warning:  #223-D: function "SetLedState" declared implicitly
            SetLedState(led, LED_OFF);
../Core/Src/main.c(136): warning:  #127-D: expected a statement
      }
../Core/Src/main.c: 2 warnings, 0 errors
compiling stm32f4xx_hal_pwr.c...
compiling stm32f4xx_hal_flash_ramfunc.c...
compiling stm32f4xx_hal_flash_ex.c...
compiling stm32f4xx_hal_tim.c...
compiling stm32f4xx_hal_rcc.c...
compiling stm32f4xx_hal_rcc_ex.c...
compiling stm32f4xx_hal_pwr_ex.c...
compiling system_stm32f4xx.c...
compiling stm32f4xx_hal.c...
compiling stm32f4xx_hal_cortex.c...
compiling stm32f4xx_hal_exti.c...
linking...
Program Size: Code=3322 RO-data=458 RW-data=16 ZI-data=1632  
FromELF: creating hex file...
"Key-Led\Key-Led.axf" - 0 Error(s), 3 Warning(s).
Build Time Elapsed:  00:00:04
